Performing C++ SOURCE FILE Test CMAKE_HAVE_LIBC_PTHREAD failed with the following output:
Change Dir: /home/paro/Pulpit/na-tdd-NA16/build/CMakeFiles/CMakeTmp

Run Build Command(s):/usr/bin/ninja cmTC_626e0 && [1/2] Building CXX object CMakeFiles/cmTC_626e0.dir/src.cxx.o
[2/2] Linking CXX executable cmTC_626e0
FAILED: cmTC_626e0 
: && /bin/x86_64-linux-gnu-g++-10 -DCMAKE_HAVE_LIBC_PTHREAD  CMakeFiles/cmTC_626e0.dir/src.cxx.o -o cmTC_626e0   && :
/usr/bin/ld: CMakeFiles/cmTC_626e0.dir/src.cxx.o: in function `main':
src.cxx:(.text+0x46): undefined reference to `pthread_create'
/usr/bin/ld: src.cxx:(.text+0x52): undefined reference to `pthread_detach'
/usr/bin/ld: src.cxx:(.text+0x5e): undefined reference to `pthread_cancel'
/usr/bin/ld: src.cxx:(.text+0x6f): undefined reference to `pthread_join'
collect2: error: ld returned 1 exit status
ninja: build stopped: subcommand failed.


Source file was:
#include <pthread.h>

void* test_func(void* data)
{
  return data;
}

int main(void)
{
  pthread_t thread;
  pthread_create(&thread, NULL, test_func, NULL);
  pthread_detach(thread);
  pthread_cancel(thread);
  pthread_join(thread, NULL);
  pthread_atfork(NULL, NULL, NULL);
  pthread_exit(NULL);

  return 0;
}

Determining if the function pthread_create exists in the pthreads failed with the following output:
Change Dir: /home/paro/Pulpit/na-tdd-NA16/build/CMakeFiles/CMakeTmp

Run Build Command(s):/usr/bin/ninja cmTC_45e5f && [1/2] Building CXX object CMakeFiles/cmTC_45e5f.dir/CheckFunctionExists.cxx.o
[2/2] Linking CXX executable cmTC_45e5f
FAILED: cmTC_45e5f 
: && /bin/x86_64-linux-gnu-g++-10 -DCHECK_FUNCTION_EXISTS=pthread_create  CMakeFiles/cmTC_45e5f.dir/CheckFunctionExists.cxx.o -o cmTC_45e5f  -lpthreads && :
/usr/bin/ld: cannot find -lpthreads
collect2: error: ld returned 1 exit status
ninja: build stopped: subcommand failed.



